action: GLOB, msg: packaging
cwd: D:\Python\Wine_ML_App
cmd: 'c:\users\ravi\anaconda3\envs\winequal\python.exe' setup.py sdist --formats=zip --dist-dir 'D:\Python\Wine_ML_App\.tox\dist'
running sdist
running egg_info
writing src.egg-info\PKG-INFO
writing dependency_links to src.egg-info\dependency_links.txt
writing top-level names to src.egg-info\top_level.txt
reading manifest file 'src.egg-info\SOURCES.txt'
writing manifest file 'src.egg-info\SOURCES.txt'
running check
warning: check: missing required meta-data: url

warning: check: missing meta-data: if 'author' supplied, 'author_email' must be supplied too

creating src-0.0.1
creating src-0.0.1\src.egg-info
creating src-0.0.1\test
copying files to src-0.0.1...
copying README.md -> src-0.0.1
copying setup.py -> src-0.0.1
copying src.egg-info\PKG-INFO -> src-0.0.1\src.egg-info
copying src.egg-info\SOURCES.txt -> src-0.0.1\src.egg-info
copying src.egg-info\dependency_links.txt -> src-0.0.1\src.egg-info
copying src.egg-info\top_level.txt -> src-0.0.1\src.egg-info
copying test\__init__.py -> src-0.0.1\test
copying test\conftest.py -> src-0.0.1\test
copying test\test_config.py -> src-0.0.1\test
Writing src-0.0.1\setup.cfg
creating D:\Python\Wine_ML_App\.tox\dist
creating 'D:\Python\Wine_ML_App\.tox\dist\src-0.0.1.zip' and adding 'src-0.0.1' to it
adding 'src-0.0.1'
adding 'src-0.0.1\src.egg-info'
adding 'src-0.0.1\test'
adding 'src-0.0.1\PKG-INFO'
adding 'src-0.0.1\README.md'
adding 'src-0.0.1\setup.cfg'
adding 'src-0.0.1\setup.py'
adding 'src-0.0.1\src.egg-info\dependency_links.txt'
adding 'src-0.0.1\src.egg-info\PKG-INFO'
adding 'src-0.0.1\src.egg-info\SOURCES.txt'
adding 'src-0.0.1\src.egg-info\top_level.txt'
adding 'src-0.0.1\test\conftest.py'
adding 'src-0.0.1\test\test_config.py'
adding 'src-0.0.1\test\__init__.py'
removing 'src-0.0.1' (and everything under it)
